2020-06-07 10:20:38 INFO  TC02GET_ProdLocationsites:28 - Starting Create Issue Test
2020-06-07 10:20:38 INFO  URL:19 - URI End Point : https://api.thecatapi.com/v1/images/search
2020-06-07 10:20:38 INFO  RESTCalls:28 - Inside GETRequest call
2020-06-07 10:20:39 DEBUG BasicClientConnectionManager:161 - Get connection for route {s}->https://api.thecatapi.com:443
2020-06-07 10:20:39 DEBUG DefaultClientConnectionOperator:177 - Connecting to api.thecatapi.com:443
2020-06-07 10:20:41 DEBUG RequestAddCookies:123 - CookieSpec selected: ignoreCookies
2020-06-07 10:20:41 DEBUG RequestAuthCache:77 - Auth cache not set in the context
2020-06-07 10:20:41 DEBUG RequestProxyAuthentication:89 - Proxy auth state: UNCHALLENGED
2020-06-07 10:20:41 DEBUG DefaultHttpClient:682 - Attempt 1 to execute request
2020-06-07 10:20:41 DEBUG DefaultClientConnection:274 - Sending request: GET /v1/images/search HTTP/1.1
2020-06-07 10:20:41 DEBUG wire:73 -  >> "GET /v1/images/search HTTP/1.1[\r][\n]"
2020-06-07 10:20:41 DEBUG wire:73 -  >> "Content-Type: application/json; charset=UTF-8[\r][\n]"
2020-06-07 10:20:41 DEBUG wire:73 -  >> "Authorization: Loyalty pfjpilot+300@gmail.com:4fdda02872c8a0953fbcb0dc7a22e02c552a6cd2c2dc1b25c157e462458c06bb[\r][\n]"
2020-06-07 10:20:41 DEBUG wire:73 -  >> "Accept: */*[\r][\n]"
2020-06-07 10:20:41 DEBUG wire:73 -  >> "Client_Secret: 08f8983763364bB68d8E9779108ffb55[\r][\n]"
2020-06-07 10:20:41 DEBUG wire:73 -  >> "Client_id: 49847de1f7784f2e82ee6dd7c66fa419[\r][\n]"
2020-06-07 10:20:41 DEBUG wire:73 -  >> "Host: api.thecatapi.com[\r][\n]"
2020-06-07 10:20:41 DEBUG wire:73 -  >> "Connection: Keep-Alive[\r][\n]"
2020-06-07 10:20:41 DEBUG wire:73 -  >> "User-Agent: Apache-HttpClient/4.5.3 (Java/1.8.0_211)[\r][\n]"
2020-06-07 10:20:41 DEBUG wire:73 -  >> "Accept-Encoding: gzip,deflate[\r][\n]"
2020-06-07 10:20:41 DEBUG wire:73 -  >> "[\r][\n]"
2020-06-07 10:20:41 DEBUG headers:278 - >> GET /v1/images/search HTTP/1.1
2020-06-07 10:20:41 DEBUG headers:281 - >> Content-Type: application/json; charset=UTF-8
2020-06-07 10:20:41 DEBUG headers:281 - >> Authorization: Loyalty pfjpilot+300@gmail.com:4fdda02872c8a0953fbcb0dc7a22e02c552a6cd2c2dc1b25c157e462458c06bb
2020-06-07 10:20:41 DEBUG headers:281 - >> Accept: */*
2020-06-07 10:20:41 DEBUG headers:281 - >> Client_Secret: 08f8983763364bB68d8E9779108ffb55
2020-06-07 10:20:41 DEBUG headers:281 - >> Client_id: 49847de1f7784f2e82ee6dd7c66fa419
2020-06-07 10:20:41 DEBUG headers:281 - >> Host: api.thecatapi.com
2020-06-07 10:20:41 DEBUG headers:281 - >> Connection: Keep-Alive
2020-06-07 10:20:41 DEBUG headers:281 - >> User-Agent: Apache-HttpClient/4.5.3 (Java/1.8.0_211)
2020-06-07 10:20:41 DEBUG headers:281 - >> Accept-Encoding: gzip,deflate
2020-06-07 10:20:41 DEBUG wire:73 -  << "HTTP/1.1 200 OK[\r][\n]"
2020-06-07 10:20:41 DEBUG wire:73 -  << "Date: Sun, 07 Jun 2020 04:50:46 GMT[\r][\n]"
2020-06-07 10:20:41 DEBUG wire:73 -  << "Content-Type: application/json; charset=utf-8[\r][\n]"
2020-06-07 10:20:41 DEBUG wire:73 -  << "Content-Length: 103[\r][\n]"
2020-06-07 10:20:41 DEBUG wire:73 -  << "Connection: keep-alive[\r][\n]"
2020-06-07 10:20:41 DEBUG wire:73 -  << "Server: nginx/1.16.1[\r][\n]"
2020-06-07 10:20:41 DEBUG wire:73 -  << "X-DNS-Prefetch-Control: off[\r][\n]"
2020-06-07 10:20:41 DEBUG wire:73 -  << "X-Frame-Options: SAMEORIGIN[\r][\n]"
2020-06-07 10:20:41 DEBUG wire:73 -  << "Strict-Transport-Security: max-age=15552000; includeSubDomains[\r][\n]"
2020-06-07 10:20:41 DEBUG wire:73 -  << "X-Download-Options: noopen[\r][\n]"
2020-06-07 10:20:41 DEBUG wire:73 -  << "X-Content-Type-Options: nosniff[\r][\n]"
2020-06-07 10:20:41 DEBUG wire:73 -  << "X-XSS-Protection: 1; mode=block[\r][\n]"
2020-06-07 10:20:41 DEBUG wire:73 -  << "Vary: Origin[\r][\n]"
2020-06-07 10:20:41 DEBUG wire:73 -  << "Expires: Tue, 03 Jul 2001 06:00:00 GMT[\r][\n]"
2020-06-07 10:20:41 DEBUG wire:73 -  << "Last-Modified: Sun Jun 07 2020 04:50:46 GMT+0000 (Coordinated Universal Time)[\r][\n]"
2020-06-07 10:20:41 DEBUG wire:73 -  << "Cache-Control: post-check=0, pre-check=0[\r][\n]"
2020-06-07 10:20:41 DEBUG wire:73 -  << "X-Response-Time: 4ms[\r][\n]"
2020-06-07 10:20:41 DEBUG wire:73 -  << "[\r][\n]"
2020-06-07 10:20:41 DEBUG DefaultClientConnection:259 - Receiving response: HTTP/1.1 200 OK
2020-06-07 10:20:41 DEBUG headers:262 - << HTTP/1.1 200 OK
2020-06-07 10:20:41 DEBUG headers:265 - << Date: Sun, 07 Jun 2020 04:50:46 GMT
2020-06-07 10:20:41 DEBUG headers:265 - << Content-Type: application/json; charset=utf-8
2020-06-07 10:20:41 DEBUG headers:265 - << Content-Length: 103
2020-06-07 10:20:41 DEBUG headers:265 - << Connection: keep-alive
2020-06-07 10:20:41 DEBUG headers:265 - << Server: nginx/1.16.1
2020-06-07 10:20:41 DEBUG headers:265 - << X-DNS-Prefetch-Control: off
2020-06-07 10:20:41 DEBUG headers:265 - << X-Frame-Options: SAMEORIGIN
2020-06-07 10:20:41 DEBUG headers:265 - << Strict-Transport-Security: max-age=15552000; includeSubDomains
2020-06-07 10:20:41 DEBUG headers:265 - << X-Download-Options: noopen
2020-06-07 10:20:41 DEBUG headers:265 - << X-Content-Type-Options: nosniff
2020-06-07 10:20:41 DEBUG headers:265 - << X-XSS-Protection: 1; mode=block
2020-06-07 10:20:41 DEBUG headers:265 - << Vary: Origin
2020-06-07 10:20:41 DEBUG headers:265 - << Expires: Tue, 03 Jul 2001 06:00:00 GMT
2020-06-07 10:20:41 DEBUG headers:265 - << Last-Modified: Sun Jun 07 2020 04:50:46 GMT+0000 (Coordinated Universal Time)
2020-06-07 10:20:41 DEBUG headers:265 - << Cache-Control: post-check=0, pre-check=0
2020-06-07 10:20:41 DEBUG headers:265 - << X-Response-Time: 4ms
2020-06-07 10:20:41 DEBUG DefaultHttpClient:509 - Connection can be kept alive indefinitely
2020-06-07 10:20:41 DEBUG RequestSpecificationImpl$RestAssuredHttpBuilder:544 - Parsing response as: application/json; charset=utf-8
2020-06-07 10:20:41 DEBUG RequestSpecificationImpl$RestAssuredHttpBuilder:547 - Parsed data to instance of: class org.apache.http.conn.EofSensorInputStream
2020-06-07 10:20:41 DEBUG RESTCalls:35 - io.restassured.internal.RequestSpecificationImpl@34a75079
2020-06-07 10:20:41 DEBUG wire:87 -  << "[{"breeds":[],"id":"9ku","url":"https://cdn2.thecatapi.com/images/9ku.jpg","width":4614,"height":3104}]"
2020-06-07 10:20:41 DEBUG BasicClientConnectionManager:200 - Releasing connection org.apache.http.impl.conn.ManagedClientConnectionImpl@2f058b8a
2020-06-07 10:20:41 DEBUG BasicClientConnectionManager:225 - Connection can be kept alive indefinitely
2020-06-07 10:20:41 INFO  TestUtils:39 - Getting Response Code
2020-06-07 10:20:41 INFO  TestUtils:41 - 200
2020-06-07 12:17:27 INFO  TC02GET_ProdLocationsites:28 - Starting Create Issue Test
2020-06-07 12:17:27 INFO  URL:19 - URI End Point : https://api.thecatapi.com/v1/images/search
2020-06-07 12:17:27 INFO  RESTCalls:28 - Inside GETRequest call
2020-06-07 12:17:32 DEBUG BasicClientConnectionManager:161 - Get connection for route {s}->https://api.thecatapi.com:443
2020-06-07 12:17:32 DEBUG DefaultClientConnectionOperator:177 - Connecting to api.thecatapi.com:443
2020-06-07 12:17:34 DEBUG RequestAddCookies:123 - CookieSpec selected: ignoreCookies
2020-06-07 12:17:34 DEBUG RequestAuthCache:77 - Auth cache not set in the context
2020-06-07 12:17:34 DEBUG RequestProxyAuthentication:89 - Proxy auth state: UNCHALLENGED
2020-06-07 12:17:34 DEBUG DefaultHttpClient:682 - Attempt 1 to execute request
2020-06-07 12:17:34 DEBUG DefaultClientConnection:274 - Sending request: GET /v1/images/search HTTP/1.1
2020-06-07 12:17:34 DEBUG wire:73 -  >> "GET /v1/images/search HTTP/1.1[\r][\n]"
2020-06-07 12:17:34 DEBUG wire:73 -  >> "Content-Type: application/json; charset=UTF-8[\r][\n]"
2020-06-07 12:17:34 DEBUG wire:73 -  >> "Authorization: Loyalty pfjpilot+300@gmail.com:4fdda02872c8a0953fbcb0dc7a22e02c552a6cd2c2dc1b25c157e462458c06bb[\r][\n]"
2020-06-07 12:17:34 DEBUG wire:73 -  >> "Accept: */*[\r][\n]"
2020-06-07 12:17:34 DEBUG wire:73 -  >> "Client_Secret: 08f8983763364bB68d8E9779108ffb55[\r][\n]"
2020-06-07 12:17:34 DEBUG wire:73 -  >> "Client_id: 49847de1f7784f2e82ee6dd7c66fa419[\r][\n]"
2020-06-07 12:17:34 DEBUG wire:73 -  >> "Host: api.thecatapi.com[\r][\n]"
2020-06-07 12:17:34 DEBUG wire:73 -  >> "Connection: Keep-Alive[\r][\n]"
2020-06-07 12:17:34 DEBUG wire:73 -  >> "User-Agent: Apache-HttpClient/4.5.3 (Java/1.8.0_211)[\r][\n]"
2020-06-07 12:17:34 DEBUG wire:73 -  >> "Accept-Encoding: gzip,deflate[\r][\n]"
2020-06-07 12:17:34 DEBUG wire:73 -  >> "[\r][\n]"
2020-06-07 12:17:34 DEBUG headers:278 - >> GET /v1/images/search HTTP/1.1
2020-06-07 12:17:34 DEBUG headers:281 - >> Content-Type: application/json; charset=UTF-8
2020-06-07 12:17:34 DEBUG headers:281 - >> Authorization: Loyalty pfjpilot+300@gmail.com:4fdda02872c8a0953fbcb0dc7a22e02c552a6cd2c2dc1b25c157e462458c06bb
2020-06-07 12:17:34 DEBUG headers:281 - >> Accept: */*
2020-06-07 12:17:34 DEBUG headers:281 - >> Client_Secret: 08f8983763364bB68d8E9779108ffb55
2020-06-07 12:17:34 DEBUG headers:281 - >> Client_id: 49847de1f7784f2e82ee6dd7c66fa419
2020-06-07 12:17:34 DEBUG headers:281 - >> Host: api.thecatapi.com
2020-06-07 12:17:34 DEBUG headers:281 - >> Connection: Keep-Alive
2020-06-07 12:17:34 DEBUG headers:281 - >> User-Agent: Apache-HttpClient/4.5.3 (Java/1.8.0_211)
2020-06-07 12:17:34 DEBUG headers:281 - >> Accept-Encoding: gzip,deflate
2020-06-07 12:17:34 DEBUG wire:73 -  << "HTTP/1.1 200 OK[\r][\n]"
2020-06-07 12:17:34 DEBUG wire:73 -  << "Date: Sun, 07 Jun 2020 06:47:38 GMT[\r][\n]"
2020-06-07 12:17:34 DEBUG wire:73 -  << "Content-Type: application/json; charset=utf-8[\r][\n]"
2020-06-07 12:17:34 DEBUG wire:73 -  << "Content-Length: 101[\r][\n]"
2020-06-07 12:17:34 DEBUG wire:73 -  << "Connection: keep-alive[\r][\n]"
2020-06-07 12:17:34 DEBUG wire:73 -  << "Server: nginx/1.16.1[\r][\n]"
2020-06-07 12:17:34 DEBUG wire:73 -  << "X-DNS-Prefetch-Control: off[\r][\n]"
2020-06-07 12:17:34 DEBUG wire:73 -  << "X-Frame-Options: SAMEORIGIN[\r][\n]"
2020-06-07 12:17:34 DEBUG wire:73 -  << "Strict-Transport-Security: max-age=15552000; includeSubDomains[\r][\n]"
2020-06-07 12:17:34 DEBUG wire:73 -  << "X-Download-Options: noopen[\r][\n]"
2020-06-07 12:17:34 DEBUG wire:73 -  << "X-Content-Type-Options: nosniff[\r][\n]"
2020-06-07 12:17:34 DEBUG wire:73 -  << "X-XSS-Protection: 1; mode=block[\r][\n]"
2020-06-07 12:17:34 DEBUG wire:73 -  << "Vary: Origin[\r][\n]"
2020-06-07 12:17:34 DEBUG wire:73 -  << "Expires: Tue, 03 Jul 2001 06:00:00 GMT[\r][\n]"
2020-06-07 12:17:34 DEBUG wire:73 -  << "Last-Modified: Sun Jun 07 2020 06:47:38 GMT+0000 (Coordinated Universal Time)[\r][\n]"
2020-06-07 12:17:34 DEBUG wire:73 -  << "Cache-Control: post-check=0, pre-check=0[\r][\n]"
2020-06-07 12:17:34 DEBUG wire:73 -  << "X-Response-Time: 4ms[\r][\n]"
2020-06-07 12:17:34 DEBUG wire:73 -  << "[\r][\n]"
2020-06-07 12:17:34 DEBUG DefaultClientConnection:259 - Receiving response: HTTP/1.1 200 OK
2020-06-07 12:17:34 DEBUG headers:262 - << HTTP/1.1 200 OK
2020-06-07 12:17:34 DEBUG headers:265 - << Date: Sun, 07 Jun 2020 06:47:38 GMT
2020-06-07 12:17:34 DEBUG headers:265 - << Content-Type: application/json; charset=utf-8
2020-06-07 12:17:34 DEBUG headers:265 - << Content-Length: 101
2020-06-07 12:17:34 DEBUG headers:265 - << Connection: keep-alive
2020-06-07 12:17:34 DEBUG headers:265 - << Server: nginx/1.16.1
2020-06-07 12:17:34 DEBUG headers:265 - << X-DNS-Prefetch-Control: off
2020-06-07 12:17:34 DEBUG headers:265 - << X-Frame-Options: SAMEORIGIN
2020-06-07 12:17:34 DEBUG headers:265 - << Strict-Transport-Security: max-age=15552000; includeSubDomains
2020-06-07 12:17:34 DEBUG headers:265 - << X-Download-Options: noopen
2020-06-07 12:17:34 DEBUG headers:265 - << X-Content-Type-Options: nosniff
2020-06-07 12:17:34 DEBUG headers:265 - << X-XSS-Protection: 1; mode=block
2020-06-07 12:17:34 DEBUG headers:265 - << Vary: Origin
2020-06-07 12:17:34 DEBUG headers:265 - << Expires: Tue, 03 Jul 2001 06:00:00 GMT
2020-06-07 12:17:34 DEBUG headers:265 - << Last-Modified: Sun Jun 07 2020 06:47:38 GMT+0000 (Coordinated Universal Time)
2020-06-07 12:17:34 DEBUG headers:265 - << Cache-Control: post-check=0, pre-check=0
2020-06-07 12:17:34 DEBUG headers:265 - << X-Response-Time: 4ms
2020-06-07 12:17:34 DEBUG DefaultHttpClient:509 - Connection can be kept alive indefinitely
2020-06-07 12:17:34 DEBUG RequestSpecificationImpl$RestAssuredHttpBuilder:544 - Parsing response as: application/json; charset=utf-8
2020-06-07 12:17:34 DEBUG RequestSpecificationImpl$RestAssuredHttpBuilder:547 - Parsed data to instance of: class org.apache.http.conn.EofSensorInputStream
2020-06-07 12:17:34 DEBUG RESTCalls:35 - io.restassured.internal.RequestSpecificationImpl@346a361
2020-06-07 12:17:34 DEBUG wire:87 -  << "[{"breeds":[],"id":"dan","url":"https://cdn2.thecatapi.com/images/dan.jpg","width":500,"height":335}]"
2020-06-07 12:17:34 DEBUG BasicClientConnectionManager:200 - Releasing connection org.apache.http.impl.conn.ManagedClientConnectionImpl@756cf158
2020-06-07 12:17:34 DEBUG BasicClientConnectionManager:225 - Connection can be kept alive indefinitely
2020-06-07 12:17:34 INFO  TestUtils:39 - Getting Response Code
2020-06-07 12:17:34 INFO  TestUtils:41 - 200
2020-06-07 12:17:35 DEBUG cache:45 - Couldn't find template in cache for "Extent.ftl"("en_IN", UTF-8, parsed); will try to load it.
2020-06-07 12:17:35 DEBUG cache:45 - TemplateLoader.findTemplateSource("Extent_en_IN.ftl"): Not found
2020-06-07 12:17:35 DEBUG cache:45 - TemplateLoader.findTemplateSource("Extent_en.ftl"): Not found
2020-06-07 12:17:35 DEBUG cache:45 - TemplateLoader.findTemplateSource("Extent.ftl"): Found
2020-06-07 12:17:35 DEBUG cache:45 - Loading template for "Extent.ftl"("en_IN", UTF-8, parsed) from "jar:file:/C:/Users/vishn/.m2/repository/com/relevantcodes/extentreports/2.41.2/extentreports-2.41.2.jar!/com/relevantcodes/extentreports/view/Extent.ftl"
2020-06-07 12:17:36 DEBUG cache:45 - Couldn't find template in cache for "Extent.ftl"("en_IN", UTF-8, parsed); will try to load it.
2020-06-07 12:17:36 DEBUG cache:45 - TemplateLoader.findTemplateSource("Extent_en_IN.ftl"): Not found
2020-06-07 12:17:36 DEBUG cache:45 - TemplateLoader.findTemplateSource("Extent_en.ftl"): Not found
2020-06-07 12:17:36 DEBUG cache:45 - TemplateLoader.findTemplateSource("Extent.ftl"): Found
2020-06-07 12:17:36 DEBUG cache:45 - Loading template for "Extent.ftl"("en_IN", UTF-8, parsed) from "jar:file:/C:/Users/vishn/.m2/repository/com/relevantcodes/extentreports/2.41.2/extentreports-2.41.2.jar!/com/relevantcodes/extentreports/view/Extent.ftl"
2020-06-08 23:58:01 INFO  TC02GET_ProdLocationsites:28 - Starting Create Issue Test
2020-06-08 23:58:01 INFO  URL:19 - URI End Point : https://api.thecatapi.com/v1/images/search
2020-06-08 23:58:01 INFO  RESTCalls:28 - Inside GETRequest call
2020-06-08 23:58:04 DEBUG BasicClientConnectionManager:161 - Get connection for route {s}->https://api.thecatapi.com:443
2020-06-08 23:58:04 DEBUG DefaultClientConnectionOperator:177 - Connecting to api.thecatapi.com:443
2020-06-08 23:58:05 DEBUG RequestAddCookies:123 - CookieSpec selected: ignoreCookies
2020-06-08 23:58:05 DEBUG RequestAuthCache:77 - Auth cache not set in the context
2020-06-08 23:58:05 DEBUG RequestProxyAuthentication:89 - Proxy auth state: UNCHALLENGED
2020-06-08 23:58:05 DEBUG DefaultHttpClient:682 - Attempt 1 to execute request
2020-06-08 23:58:05 DEBUG DefaultClientConnection:274 - Sending request: GET /v1/images/search HTTP/1.1
2020-06-08 23:58:05 DEBUG wire:73 -  >> "GET /v1/images/search HTTP/1.1[\r][\n]"
2020-06-08 23:58:05 DEBUG wire:73 -  >> "Content-Type: application/json; charset=UTF-8[\r][\n]"
2020-06-08 23:58:05 DEBUG wire:73 -  >> "Authorization: Loyalty pfjpilot+300@gmail.com:4fdda02872c8a0953fbcb0dc7a22e02c552a6cd2c2dc1b25c157e462458c06bb[\r][\n]"
2020-06-08 23:58:05 DEBUG wire:73 -  >> "Accept: */*[\r][\n]"
2020-06-08 23:58:05 DEBUG wire:73 -  >> "Client_Secret: 08f8983763364bB68d8E9779108ffb55[\r][\n]"
2020-06-08 23:58:05 DEBUG wire:73 -  >> "Client_id: 49847de1f7784f2e82ee6dd7c66fa419[\r][\n]"
2020-06-08 23:58:05 DEBUG wire:73 -  >> "Host: api.thecatapi.com[\r][\n]"
2020-06-08 23:58:05 DEBUG wire:73 -  >> "Connection: Keep-Alive[\r][\n]"
2020-06-08 23:58:05 DEBUG wire:73 -  >> "User-Agent: Apache-HttpClient/4.5.3 (Java/1.8.0_211)[\r][\n]"
2020-06-08 23:58:05 DEBUG wire:73 -  >> "Accept-Encoding: gzip,deflate[\r][\n]"
2020-06-08 23:58:05 DEBUG wire:73 -  >> "[\r][\n]"
2020-06-08 23:58:05 DEBUG headers:278 - >> GET /v1/images/search HTTP/1.1
2020-06-08 23:58:05 DEBUG headers:281 - >> Content-Type: application/json; charset=UTF-8
2020-06-08 23:58:05 DEBUG headers:281 - >> Authorization: Loyalty pfjpilot+300@gmail.com:4fdda02872c8a0953fbcb0dc7a22e02c552a6cd2c2dc1b25c157e462458c06bb
2020-06-08 23:58:05 DEBUG headers:281 - >> Accept: */*
2020-06-08 23:58:05 DEBUG headers:281 - >> Client_Secret: 08f8983763364bB68d8E9779108ffb55
2020-06-08 23:58:05 DEBUG headers:281 - >> Client_id: 49847de1f7784f2e82ee6dd7c66fa419
2020-06-08 23:58:05 DEBUG headers:281 - >> Host: api.thecatapi.com
2020-06-08 23:58:05 DEBUG headers:281 - >> Connection: Keep-Alive
2020-06-08 23:58:05 DEBUG headers:281 - >> User-Agent: Apache-HttpClient/4.5.3 (Java/1.8.0_211)
2020-06-08 23:58:05 DEBUG headers:281 - >> Accept-Encoding: gzip,deflate
2020-06-08 23:58:06 DEBUG wire:73 -  << "HTTP/1.1 200 OK[\r][\n]"
2020-06-08 23:58:06 DEBUG wire:73 -  << "Date: Mon, 08 Jun 2020 18:28:10 GMT[\r][\n]"
2020-06-08 23:58:06 DEBUG wire:73 -  << "Content-Type: application/json; charset=utf-8[\r][\n]"
2020-06-08 23:58:06 DEBUG wire:73 -  << "Content-Length: 101[\r][\n]"
2020-06-08 23:58:06 DEBUG wire:73 -  << "Connection: keep-alive[\r][\n]"
2020-06-08 23:58:06 DEBUG wire:73 -  << "Server: nginx/1.16.1[\r][\n]"
2020-06-08 23:58:06 DEBUG wire:73 -  << "X-DNS-Prefetch-Control: off[\r][\n]"
2020-06-08 23:58:06 DEBUG wire:73 -  << "X-Frame-Options: SAMEORIGIN[\r][\n]"
2020-06-08 23:58:06 DEBUG wire:73 -  << "Strict-Transport-Security: max-age=15552000; includeSubDomains[\r][\n]"
2020-06-08 23:58:06 DEBUG wire:73 -  << "X-Download-Options: noopen[\r][\n]"
2020-06-08 23:58:06 DEBUG wire:73 -  << "X-Content-Type-Options: nosniff[\r][\n]"
2020-06-08 23:58:06 DEBUG wire:73 -  << "X-XSS-Protection: 1; mode=block[\r][\n]"
2020-06-08 23:58:06 DEBUG wire:73 -  << "Vary: Origin[\r][\n]"
2020-06-08 23:58:06 DEBUG wire:73 -  << "Expires: Tue, 03 Jul 2001 06:00:00 GMT[\r][\n]"
2020-06-08 23:58:06 DEBUG wire:73 -  << "Last-Modified: Mon Jun 08 2020 18:28:10 GMT+0000 (Coordinated Universal Time)[\r][\n]"
2020-06-08 23:58:06 DEBUG wire:73 -  << "Cache-Control: post-check=0, pre-check=0[\r][\n]"
2020-06-08 23:58:06 DEBUG wire:73 -  << "X-Response-Time: 4ms[\r][\n]"
2020-06-08 23:58:06 DEBUG wire:73 -  << "[\r][\n]"
2020-06-08 23:58:06 DEBUG DefaultClientConnection:259 - Receiving response: HTTP/1.1 200 OK
2020-06-08 23:58:06 DEBUG headers:262 - << HTTP/1.1 200 OK
2020-06-08 23:58:06 DEBUG headers:265 - << Date: Mon, 08 Jun 2020 18:28:10 GMT
2020-06-08 23:58:06 DEBUG headers:265 - << Content-Type: application/json; charset=utf-8
2020-06-08 23:58:06 DEBUG headers:265 - << Content-Length: 101
2020-06-08 23:58:06 DEBUG headers:265 - << Connection: keep-alive
2020-06-08 23:58:06 DEBUG headers:265 - << Server: nginx/1.16.1
2020-06-08 23:58:06 DEBUG headers:265 - << X-DNS-Prefetch-Control: off
2020-06-08 23:58:06 DEBUG headers:265 - << X-Frame-Options: SAMEORIGIN
2020-06-08 23:58:06 DEBUG headers:265 - << Strict-Transport-Security: max-age=15552000; includeSubDomains
2020-06-08 23:58:06 DEBUG headers:265 - << X-Download-Options: noopen
2020-06-08 23:58:06 DEBUG headers:265 - << X-Content-Type-Options: nosniff
2020-06-08 23:58:06 DEBUG headers:265 - << X-XSS-Protection: 1; mode=block
2020-06-08 23:58:06 DEBUG headers:265 - << Vary: Origin
2020-06-08 23:58:06 DEBUG headers:265 - << Expires: Tue, 03 Jul 2001 06:00:00 GMT
2020-06-08 23:58:06 DEBUG headers:265 - << Last-Modified: Mon Jun 08 2020 18:28:10 GMT+0000 (Coordinated Universal Time)
2020-06-08 23:58:06 DEBUG headers:265 - << Cache-Control: post-check=0, pre-check=0
2020-06-08 23:58:06 DEBUG headers:265 - << X-Response-Time: 4ms
2020-06-08 23:58:06 DEBUG DefaultHttpClient:509 - Connection can be kept alive indefinitely
2020-06-08 23:58:06 DEBUG RequestSpecificationImpl$RestAssuredHttpBuilder:544 - Parsing response as: application/json; charset=utf-8
2020-06-08 23:58:06 DEBUG RequestSpecificationImpl$RestAssuredHttpBuilder:547 - Parsed data to instance of: class org.apache.http.conn.EofSensorInputStream
2020-06-08 23:58:06 DEBUG RESTCalls:35 - io.restassured.internal.RequestSpecificationImpl@107ed6fc
2020-06-08 23:58:06 DEBUG wire:87 -  << "[{"breeds":[],"id":"5a7","url":"https://cdn2.thecatapi.com/images/5a7.jpg","width":480,"height":477}]"
2020-06-08 23:58:06 DEBUG BasicClientConnectionManager:200 - Releasing connection org.apache.http.impl.conn.ManagedClientConnectionImpl@3f2ef586
2020-06-08 23:58:06 DEBUG BasicClientConnectionManager:225 - Connection can be kept alive indefinitely
2020-06-08 23:58:06 INFO  TestUtils:39 - Getting Response Code
2020-06-08 23:58:06 INFO  TestUtils:41 - 200
